{"D:\\VueJs\\mealsapp\\src\\App.vue": {"path":"D:\\VueJs\\mealsapp\\src\\App.vue","statementMap":{"0":{"start":{"line":12,"column":0},"end":{"line":12,"column":null}},"1":{"start":{"line":13,"column":0},"end":{"line":13,"column":null}}},"fnMap":{},"branchMap":{},"s":{"0":1,"1":1},"f":{},"b":{}}
,"D:\\VueJs\\mealsapp\\src\\components\\Header.vue": {"path":"D:\\VueJs\\mealsapp\\src\\components\\Header.vue","statementMap":{"0":{"start":{"line":17,"column":0},"end":{"line":17,"column":null}},"1":{"start":{"line":21,"column":0},"end":{"line":21,"column":null}},"2":{"start":{"line":27,"column":0},"end":{"line":30,"column":null}},"3":{"start":{"line":28,"column":0},"end":{"line":28,"column":null}},"4":{"start":{"line":29,"column":0},"end":{"line":29,"column":null}},"5":{"start":{"line":33,"column":0},"end":{"line":35,"column":null}},"6":{"start":{"line":34,"column":0},"end":{"line":34,"column":null}},"7":{"start":{"line":36,"column":0},"end":{"line":36,"column":null}},"8":{"start":{"line":37,"column":0},"end":{"line":37,"column":null}},"9":{"start":{"line":38,"column":0},"end":{"line":38,"column":null}}},"fnMap":{"0":{"name":"(anonymous_1)","decl":{"start":{"line":20,"column":0},"end":{"line":20,"column":null}},"loc":{"start":{"line":20,"column":0},"end":{"line":24,"column":null}}},"1":{"name":"(anonymous_2)","decl":{"start":{"line":26,"column":0},"end":{"line":26,"column":null}},"loc":{"start":{"line":26,"column":0},"end":{"line":31,"column":null}}},"2":{"name":"(anonymous_3)","decl":{"start":{"line":27,"column":0},"end":{"line":27,"column":null}},"loc":{"start":{"line":27,"column":0},"end":{"line":30,"column":null}}},"3":{"name":"(anonymous_4)","decl":{"start":{"line":32,"column":0},"end":{"line":32,"column":null}},"loc":{"start":{"line":32,"column":0},"end":{"line":39,"column":null}}}},"branchMap":{"0":{"loc":{"start":{"line":33,"column":0},"end":{"line":35,"column":null}},"type":"if","locations":[{"start":{"line":33,"column":0},"end":{"line":35,"column":null}},{"start":{"line":33,"column":0},"end":{"line":35,"column":null}}]}},"s":{"0":1,"1":0,"2":0,"3":0,"4":0,"5":0,"6":0,"7":0,"8":0,"9":0},"f":{"0":0,"1":0,"2":0,"3":0},"b":{"0":[0,0]}}
,"D:\\VueJs\\mealsapp\\src\\components\\Meal.vue": {"path":"D:\\VueJs\\mealsapp\\src\\components\\Meal.vue","statementMap":{"0":{"start":{"line":13,"column":0},"end":{"line":13,"column":null}},"1":{"start":{"line":18,"column":0},"end":{"line":18,"column":null}},"2":{"start":{"line":23,"column":0},"end":{"line":25,"column":null}},"3":{"start":{"line":24,"column":0},"end":{"line":24,"column":null}},"4":{"start":{"line":26,"column":0},"end":{"line":26,"column":null}}},"fnMap":{"0":{"name":"(anonymous_1)","decl":{"start":{"line":17,"column":0},"end":{"line":17,"column":null}},"loc":{"start":{"line":17,"column":0},"end":{"line":19,"column":null}}},"1":{"name":"(anonymous_2)","decl":{"start":{"line":22,"column":0},"end":{"line":22,"column":null}},"loc":{"start":{"line":22,"column":0},"end":{"line":27,"column":null}}},"2":{"name":"(anonymous_3)","decl":{"start":{"line":23,"column":0},"end":{"line":23,"column":null}},"loc":{"start":{"line":23,"column":0},"end":{"line":25,"column":null}}}},"branchMap":{},"s":{"0":1,"1":0,"2":0,"3":0,"4":0},"f":{"0":0,"1":0,"2":0},"b":{}}
,"D:\\VueJs\\mealsapp\\src\\components\\MealList.vue": {"path":"D:\\VueJs\\mealsapp\\src\\components\\MealList.vue","statementMap":{"0":{"start":{"line":31,"column":0},"end":{"line":31,"column":null}},"1":{"start":{"line":34,"column":0},"end":{"line":34,"column":null}},"2":{"start":{"line":41,"column":0},"end":{"line":41,"column":null}},"3":{"start":{"line":44,"column":0},"end":{"line":44,"column":null}},"4":{"start":{"line":46,"column":0},"end":{"line":46,"column":null}},"5":{"start":{"line":49,"column":0},"end":{"line":49,"column":null}},"6":{"start":{"line":51,"column":0},"end":{"line":51,"column":null}},"7":{"start":{"line":56,"column":0},"end":{"line":58,"column":null}},"8":{"start":{"line":57,"column":0},"end":{"line":57,"column":null}},"9":{"start":{"line":59,"column":0},"end":{"line":59,"column":null}},"10":{"start":{"line":62,"column":0},"end":{"line":62,"column":null}},"11":{"start":{"line":65,"column":0},"end":{"line":65,"column":null}}},"fnMap":{"0":{"name":"(anonymous_1)","decl":{"start":{"line":33,"column":0},"end":{"line":33,"column":null}},"loc":{"start":{"line":33,"column":0},"end":{"line":38,"column":null}}},"1":{"name":"(anonymous_2)","decl":{"start":{"line":40,"column":0},"end":{"line":40,"column":null}},"loc":{"start":{"line":40,"column":0},"end":{"line":42,"column":null}}},"2":{"name":"(anonymous_3)","decl":{"start":{"line":43,"column":0},"end":{"line":43,"column":null}},"loc":{"start":{"line":43,"column":0},"end":{"line":47,"column":null}}},"3":{"name":"(anonymous_4)","decl":{"start":{"line":48,"column":0},"end":{"line":48,"column":null}},"loc":{"start":{"line":48,"column":0},"end":{"line":52,"column":null}}},"4":{"name":"(anonymous_5)","decl":{"start":{"line":55,"column":0},"end":{"line":55,"column":null}},"loc":{"start":{"line":55,"column":0},"end":{"line":60,"column":null}}},"5":{"name":"(anonymous_6)","decl":{"start":{"line":56,"column":0},"end":{"line":56,"column":null}},"loc":{"start":{"line":56,"column":0},"end":{"line":58,"column":null}}},"6":{"name":"(anonymous_7)","decl":{"start":{"line":61,"column":0},"end":{"line":61,"column":null}},"loc":{"start":{"line":61,"column":0},"end":{"line":63,"column":null}}},"7":{"name":"(anonymous_8)","decl":{"start":{"line":64,"column":0},"end":{"line":64,"column":null}},"loc":{"start":{"line":64,"column":0},"end":{"line":66,"column":null}}}},"branchMap":{},"s":{"0":1,"1":0,"2":0,"3":0,"4":0,"5":0,"6":0,"7":0,"8":0,"9":0,"10":0,"11":0},"f":{"0":0,"1":0,"2":0,"3":0,"4":0,"5":0,"6":0,"7":0},"b":{}}
,"D:\\VueJs\\mealsapp\\src\\router\\index.js": {"path":"D:\\VueJs\\mealsapp\\src\\router\\index.js","statementMap":{"0":{"start":{"line":7,"column":0},"end":{"line":7,"column":18}},"1":{"start":{"line":9,"column":17},"end":{"line":13,"column":1}},"2":{"start":{"line":15,"column":15},"end":{"line":19,"column":2}}},"fnMap":{},"branchMap":{},"s":{"0":1,"1":1,"2":1},"f":{},"b":{},"_coverageSchema":"43e27e138ebf9cfc5966b082cf9a028302ed4184","hash":"8f99d12fde39a79cfd4baf4cedf6e13cdb285d98"}
,"D:\\VueJs\\mealsapp\\src\\service\\NetworkConnection.js": {"path":"D:\\VueJs\\mealsapp\\src\\service\\NetworkConnection.js","statementMap":{"0":{"start":{"line":3,"column":16},"end":{"line":3,"column":57}},"1":{"start":{"line":5,"column":31},"end":{"line":7,"column":1}},"2":{"start":{"line":6,"column":4},"end":{"line":6,"column":45}},"3":{"start":{"line":9,"column":27},"end":{"line":11,"column":1}},"4":{"start":{"line":10,"column":4},"end":{"line":10,"column":56}},"5":{"start":{"line":13,"column":29},"end":{"line":15,"column":1}},"6":{"start":{"line":14,"column":4},"end":{"line":14,"column":57}}},"fnMap":{"0":{"name":"(anonymous_0)","decl":{"start":{"line":5,"column":31},"end":{"line":5,"column":32}},"loc":{"start":{"line":5,"column":37},"end":{"line":7,"column":1}},"line":5},"1":{"name":"(anonymous_1)","decl":{"start":{"line":9,"column":27},"end":{"line":9,"column":28}},"loc":{"start":{"line":9,"column":38},"end":{"line":11,"column":1}},"line":9},"2":{"name":"(anonymous_2)","decl":{"start":{"line":13,"column":29},"end":{"line":13,"column":30}},"loc":{"start":{"line":13,"column":41},"end":{"line":15,"column":1}},"line":13}},"branchMap":{},"s":{"0":1,"1":1,"2":0,"3":1,"4":0,"5":1,"6":0},"f":{"0":0,"1":0,"2":0},"b":{},"_coverageSchema":"43e27e138ebf9cfc5966b082cf9a028302ed4184","hash":"50dd14f32a2e2bc9da36802589cfff67d8ea6ccb"}
,"D:\\VueJs\\mealsapp\\src\\store\\index.js": {"path":"D:\\VueJs\\mealsapp\\src\\store\\index.js","statementMap":{"0":{"start":{"line":4,"column":0},"end":{"line":4,"column":13}},"1":{"start":{"line":16,"column":6},"end":{"line":16,"column":30}},"2":{"start":{"line":19,"column":6},"end":{"line":19,"column":33}},"3":{"start":{"line":22,"column":6},"end":{"line":22,"column":34}},"4":{"start":{"line":25,"column":6},"end":{"line":25,"column":34}},"5":{"start":{"line":28,"column":6},"end":{"line":28,"column":32}},"6":{"start":{"line":33,"column":6},"end":{"line":33,"column":33}},"7":{"start":{"line":36,"column":6},"end":{"line":36,"column":36}},"8":{"start":{"line":39,"column":6},"end":{"line":39,"column":36}},"9":{"start":{"line":42,"column":6},"end":{"line":42,"column":37}},"10":{"start":{"line":45,"column":6},"end":{"line":45,"column":35}},"11":{"start":{"line":49,"column":24},"end":{"line":49,"column":38}},"12":{"start":{"line":50,"column":27},"end":{"line":50,"column":44}},"13":{"start":{"line":51,"column":28},"end":{"line":51,"column":46}},"14":{"start":{"line":52,"column":28},"end":{"line":52,"column":46}},"15":{"start":{"line":53,"column":26},"end":{"line":53,"column":42}}},"fnMap":{"0":{"name":"(anonymous_0)","decl":{"start":{"line":15,"column":4},"end":{"line":15,"column":5}},"loc":{"start":{"line":15,"column":30},"end":{"line":17,"column":5}},"line":15},"1":{"name":"(anonymous_1)","decl":{"start":{"line":18,"column":4},"end":{"line":18,"column":5}},"loc":{"start":{"line":18,"column":33},"end":{"line":20,"column":5}},"line":18},"2":{"name":"(anonymous_2)","decl":{"start":{"line":21,"column":4},"end":{"line":21,"column":5}},"loc":{"start":{"line":21,"column":33},"end":{"line":23,"column":5}},"line":21},"3":{"name":"(anonymous_3)","decl":{"start":{"line":24,"column":4},"end":{"line":24,"column":5}},"loc":{"start":{"line":24,"column":34},"end":{"line":26,"column":5}},"line":24},"4":{"name":"(anonymous_4)","decl":{"start":{"line":27,"column":4},"end":{"line":27,"column":5}},"loc":{"start":{"line":27,"column":32},"end":{"line":29,"column":5}},"line":27},"5":{"name":"(anonymous_5)","decl":{"start":{"line":32,"column":4},"end":{"line":32,"column":5}},"loc":{"start":{"line":32,"column":36},"end":{"line":34,"column":5}},"line":32},"6":{"name":"(anonymous_6)","decl":{"start":{"line":35,"column":4},"end":{"line":35,"column":5}},"loc":{"start":{"line":35,"column":39},"end":{"line":37,"column":5}},"line":35},"7":{"name":"(anonymous_7)","decl":{"start":{"line":38,"column":4},"end":{"line":38,"column":5}},"loc":{"start":{"line":38,"column":39},"end":{"line":40,"column":5}},"line":38},"8":{"name":"(anonymous_8)","decl":{"start":{"line":41,"column":4},"end":{"line":41,"column":5}},"loc":{"start":{"line":41,"column":40},"end":{"line":43,"column":5}},"line":41},"9":{"name":"(anonymous_9)","decl":{"start":{"line":44,"column":4},"end":{"line":44,"column":5}},"loc":{"start":{"line":44,"column":38},"end":{"line":46,"column":5}},"line":44},"10":{"name":"(anonymous_10)","decl":{"start":{"line":49,"column":14},"end":{"line":49,"column":15}},"loc":{"start":{"line":49,"column":24},"end":{"line":49,"column":38}},"line":49},"11":{"name":"(anonymous_11)","decl":{"start":{"line":50,"column":17},"end":{"line":50,"column":18}},"loc":{"start":{"line":50,"column":27},"end":{"line":50,"column":44}},"line":50},"12":{"name":"(anonymous_12)","decl":{"start":{"line":51,"column":18},"end":{"line":51,"column":19}},"loc":{"start":{"line":51,"column":28},"end":{"line":51,"column":46}},"line":51},"13":{"name":"(anonymous_13)","decl":{"start":{"line":52,"column":18},"end":{"line":52,"column":19}},"loc":{"start":{"line":52,"column":28},"end":{"line":52,"column":46}},"line":52},"14":{"name":"(anonymous_14)","decl":{"start":{"line":53,"column":16},"end":{"line":53,"column":17}},"loc":{"start":{"line":53,"column":26},"end":{"line":53,"column":42}},"line":53}},"branchMap":{},"s":{"0":0,"1":0,"2":0,"3":0,"4":0,"5":0,"6":0,"7":0,"8":0,"9":0,"10":0,"11":0,"12":0,"13":0,"14":0,"15":0},"f":{"0":0,"1":0,"2":0,"3":0,"4":0,"5":0,"6":0,"7":0,"8":0,"9":0,"10":0,"11":0,"12":0,"13":0,"14":0},"b":{},"hash":"f6b168d5ae5a2ca27a6579eea9baba908056d1f0"}
,"D:\\VueJs\\mealsapp\\src\\views\\Home.vue": {"path":"D:\\VueJs\\mealsapp\\src\\views\\Home.vue","statementMap":{"0":{"start":{"line":6,"column":0},"end":{"line":6,"column":null}},"1":{"start":{"line":7,"column":0},"end":{"line":7,"column":null}},"2":{"start":{"line":12,"column":0},"end":{"line":12,"column":null}},"3":{"start":{"line":16,"column":0},"end":{"line":21,"column":null}},"4":{"start":{"line":17,"column":0},"end":{"line":19,"column":null}},"5":{"start":{"line":18,"column":0},"end":{"line":18,"column":null}},"6":{"start":{"line":20,"column":0},"end":{"line":20,"column":null}}},"fnMap":{"0":{"name":"(anonymous_1)","decl":{"start":{"line":11,"column":0},"end":{"line":11,"column":null}},"loc":{"start":{"line":11,"column":0},"end":{"line":13,"column":null}}},"1":{"name":"(anonymous_2)","decl":{"start":{"line":15,"column":0},"end":{"line":15,"column":null}},"loc":{"start":{"line":15,"column":0},"end":{"line":23,"column":null}}},"2":{"name":"(anonymous_3)","decl":{"start":{"line":17,"column":0},"end":{"line":17,"column":null}},"loc":{"start":{"line":17,"column":0},"end":{"line":19,"column":null}}}},"branchMap":{"0":{"loc":{"start":{"line":16,"column":0},"end":{"line":21,"column":null}},"type":"if","locations":[{"start":{"line":16,"column":0},"end":{"line":21,"column":null}},{"start":{"line":16,"column":0},"end":{"line":21,"column":null}}]}},"s":{"0":1,"1":1,"2":0,"3":0,"4":0,"5":0,"6":0},"f":{"0":0,"1":0,"2":0},"b":{"0":[0,0]}}
,"D:\\VueJs\\mealsapp\\src\\views\\MealDetails.vue": {"path":"D:\\VueJs\\mealsapp\\src\\views\\MealDetails.vue","statementMap":{"0":{"start":{"line":59,"column":0},"end":{"line":59,"column":null}},"1":{"start":{"line":62,"column":0},"end":{"line":62,"column":null}},"2":{"start":{"line":63,"column":0},"end":{"line":70,"column":null}},"3":{"start":{"line":63,"column":0},"end":{"line":63,"column":null}},"4":{"start":{"line":64,"column":0},"end":{"line":64,"column":null}},"5":{"start":{"line":65,"column":0},"end":{"line":69,"column":null}},"6":{"start":{"line":66,"column":0},"end":{"line":66,"column":null}},"7":{"start":{"line":68,"column":0},"end":{"line":68,"column":null}},"8":{"start":{"line":71,"column":0},"end":{"line":71,"column":null}},"9":{"start":{"line":74,"column":0},"end":{"line":74,"column":null}},"10":{"start":{"line":75,"column":0},"end":{"line":77,"column":null}},"11":{"start":{"line":76,"column":0},"end":{"line":76,"column":null}},"12":{"start":{"line":78,"column":0},"end":{"line":78,"column":null}},"13":{"start":{"line":79,"column":0},"end":{"line":79,"column":null}},"14":{"start":{"line":80,"column":0},"end":{"line":80,"column":null}}},"fnMap":{"0":{"name":"(anonymous_1)","decl":{"start":{"line":58,"column":0},"end":{"line":58,"column":null}},"loc":{"start":{"line":58,"column":0},"end":{"line":60,"column":null}}},"1":{"name":"(anonymous_2)","decl":{"start":{"line":61,"column":0},"end":{"line":61,"column":null}},"loc":{"start":{"line":61,"column":0},"end":{"line":72,"column":null}}},"2":{"name":"(anonymous_3)","decl":{"start":{"line":73,"column":0},"end":{"line":73,"column":null}},"loc":{"start":{"line":73,"column":0},"end":{"line":81,"column":null}}}},"branchMap":{"0":{"loc":{"start":{"line":65,"column":0},"end":{"line":69,"column":null}},"type":"if","locations":[{"start":{"line":65,"column":0},"end":{"line":69,"column":null}},{"start":{"line":65,"column":0},"end":{"line":69,"column":null}}]},"1":{"loc":{"start":{"line":75,"column":0},"end":{"line":77,"column":null}},"type":"if","locations":[{"start":{"line":75,"column":0},"end":{"line":77,"column":null}},{"start":{"line":75,"column":0},"end":{"line":77,"column":null}}]}},"s":{"0":0,"1":0,"2":0,"3":0,"4":0,"5":0,"6":0,"7":0,"8":0,"9":0,"10":0,"11":0,"12":0,"13":0,"14":0},"f":{"0":0,"1":0,"2":0},"b":{"0":[0,0],"1":[0,0]}}
,"D:\\VueJs\\mealsapp\\src\\views\\Search.vue": {"path":"D:\\VueJs\\mealsapp\\src\\views\\Search.vue","statementMap":{"0":{"start":{"line":8,"column":0},"end":{"line":8,"column":null}},"1":{"start":{"line":9,"column":0},"end":{"line":9,"column":null}},"2":{"start":{"line":13,"column":0},"end":{"line":15,"column":null}},"3":{"start":{"line":14,"column":0},"end":{"line":14,"column":null}},"4":{"start":{"line":19,"column":0},"end":{"line":19,"column":null}},"5":{"start":{"line":27,"column":0},"end":{"line":29,"column":null}},"6":{"start":{"line":28,"column":0},"end":{"line":28,"column":null}}},"fnMap":{"0":{"name":"(anonymous_1)","decl":{"start":{"line":12,"column":0},"end":{"line":12,"column":null}},"loc":{"start":{"line":12,"column":0},"end":{"line":16,"column":null}}},"1":{"name":"(anonymous_2)","decl":{"start":{"line":13,"column":0},"end":{"line":13,"column":null}},"loc":{"start":{"line":13,"column":0},"end":{"line":15,"column":null}}},"2":{"name":"(anonymous_3)","decl":{"start":{"line":18,"column":0},"end":{"line":18,"column":null}},"loc":{"start":{"line":18,"column":0},"end":{"line":20,"column":null}}},"3":{"name":"(anonymous_4)","decl":{"start":{"line":26,"column":0},"end":{"line":26,"column":null}},"loc":{"start":{"line":26,"column":0},"end":{"line":30,"column":null}}},"4":{"name":"(anonymous_5)","decl":{"start":{"line":27,"column":0},"end":{"line":27,"column":null}},"loc":{"start":{"line":27,"column":0},"end":{"line":29,"column":null}}}},"branchMap":{},"s":{"0":1,"1":1,"2":0,"3":0,"4":0,"5":0,"6":0},"f":{"0":0,"1":0,"2":0,"3":0,"4":0},"b":{}}
}
